  Main.cpp
C:\Program Files (x86)\Microsoft DirectX SDK (June 2010)\Include\xnamath.h(2630,1): warning C4005: 'XMGLOBALCONST': macro redefinition
C:\Program Files (x86)\Windows Kits\10\Include\10.0.18362.0\um\DirectXMath.h(1883): message : see previous definition of 'XMGLOBALCONST'
C:\Program Files (x86)\Microsoft DirectX SDK (June 2010)\Include\xnamath.h(2662,52): warning C4838: conversion from 'unsigned int' to 'INT' requires a narrowing conversion
C:\Program Files (x86)\Microsoft DirectX SDK (June 2010)\Include\xnamath.h(2662,64): warning C4838: conversion from 'unsigned int' to 'INT' requires a narrowing conversion
C:\Program Files (x86)\Microsoft DirectX SDK (June 2010)\Include\xnamath.h(2662,76): warning C4838: conversion from 'unsigned int' to 'INT' requires a narrowing conversion
C:\Program Files (x86)\Microsoft DirectX SDK (June 2010)\Include\xnamath.h(2662,88): warning C4838: conversion from 'unsigned int' to 'INT' requires a narrowing conversion
C:\Program Files (x86)\Microsoft DirectX SDK (June 2010)\Include\xnamath.h(2663,52): warning C4838: conversion from 'unsigned int' to 'INT' requires a narrowing conversion
C:\Program Files (x86)\Microsoft DirectX SDK (June 2010)\Include\xnamath.h(2663,64): warning C4838: conversion from 'unsigned int' to 'INT' requires a narrowing conversion
C:\Program Files (x86)\Microsoft DirectX SDK (June 2010)\Include\xnamath.h(2663,76): warning C4838: conversion from 'unsigned int' to 'INT' requires a narrowing conversion
C:\Program Files (x86)\Microsoft DirectX SDK (June 2010)\Include\xnamath.h(2664,52): warning C4838: conversion from 'unsigned int' to 'INT' requires a narrowing conversion
C:\Program Files (x86)\Microsoft DirectX SDK (June 2010)\Include\xnamath.h(2664,64): warning C4838: conversion from 'unsigned int' to 'INT' requires a narrowing conversion
C:\Program Files (x86)\Microsoft DirectX SDK (June 2010)\Include\xnamath.h(2664,76): warning C4838: conversion from 'unsigned int' to 'INT' requires a narrowing conversion
C:\Program Files (x86)\Microsoft DirectX SDK (June 2010)\Include\xnamath.h(2665,52): warning C4838: conversion from 'unsigned int' to 'INT' requires a narrowing conversion
C:\Program Files (x86)\Microsoft DirectX SDK (June 2010)\Include\xnamath.h(2666,64): warning C4838: conversion from 'unsigned int' to 'INT' requires a narrowing conversion
C:\Program Files (x86)\Microsoft DirectX SDK (June 2010)\Include\xnamath.h(2667,76): warning C4838: conversion from 'unsigned int' to 'INT' requires a narrowing conversion
C:\Program Files (x86)\Microsoft DirectX SDK (June 2010)\Include\xnamath.h(2668,88): warning C4838: conversion from 'unsigned int' to 'INT' requires a narrowing conversion
C:\Program Files (x86)\Microsoft DirectX SDK (June 2010)\Include\xnamath.h(2689,46): warning C4838: conversion from 'unsigned int' to 'INT' requires a narrowing conversion
C:\Program Files (x86)\Microsoft DirectX SDK (June 2010)\Include\xnamath.h(2689,58): warning C4838: conversion from 'unsigned int' to 'INT' requires a narrowing conversion
C:\Program Files (x86)\Microsoft DirectX SDK (June 2010)\Include\xnamath.h(2689,70): warning C4838: conversion from 'unsigned int' to 'INT' requires a narrowing conversion
C:\Program Files (x86)\Microsoft DirectX SDK (June 2010)\Include\xnamath.h(2689,82): warning C4838: conversion from 'unsigned int' to 'INT' requires a narrowing conversion
C:\Program Files (x86)\Microsoft DirectX SDK (June 2010)\Include\xnamath.h(2690,88): warning C4838: conversion from 'unsigned int' to 'INT' requires a narrowing conversion
C:\Program Files (x86)\Microsoft DirectX SDK (June 2010)\Include\xnamath.h(2691,88): warning C4838: conversion from 'unsigned int' to 'INT' requires a narrowing conversion
C:\Program Files (x86)\Microsoft DirectX SDK (June 2010)\Include\xnamath.h(2694,88): warning C4838: conversion from 'unsigned int' to 'INT' requires a narrowing conversion
C:\Program Files (x86)\Microsoft DirectX SDK (June 2010)\Include\xnamath.h(2695,88): warning C4838: conversion from 'unsigned int' to 'INT' requires a narrowing conversion
C:\Program Files (x86)\Microsoft DirectX SDK (June 2010)\Include\xnamath.h(2698,64): warning C4838: conversion from 'unsigned int' to 'INT' requires a narrowing conversion
C:\Program Files (x86)\Microsoft DirectX SDK (June 2010)\Include\xnamath.h(2702,76): warning C4838: conversion from 'unsigned int' to 'INT' requires a narrowing conversion
C:\Program Files (x86)\Microsoft DirectX SDK (June 2010)\Include\xnamath.h(2702,88): warning C4838: conversion from 'unsigned int' to 'INT' requires a narrowing conversion
C:\Program Files (x86)\Microsoft DirectX SDK (June 2010)\Include\xnamath.h(2712,65): warning C4838: conversion from 'unsigned int' to 'INT' requires a narrowing conversion
C:\Program Files (x86)\Microsoft DirectX SDK (June 2010)\Include\xnamath.h(2712,91): warning C4838: conversion from 'unsigned int' to 'INT' requires a narrowing conversion
C:\Program Files (x86)\Microsoft DirectX SDK (June 2010)\Include\xnamath.h(2713,52): warning C4838: conversion from 'unsigned int' to 'INT' requires a narrowing conversion
C:\Program Files (x86)\Microsoft DirectX SDK (June 2010)\Include\xnamath.h(2713,78): warning C4838: conversion from 'unsigned int' to 'INT' requires a narrowing conversion
C:\Program Files (x86)\Microsoft DirectX SDK (June 2010)\Include\xnamath.h(2715,52): warning C4838: conversion from 'unsigned int' to 'INT' requires a narrowing conversion
C:\Program Files (x86)\Microsoft DirectX SDK (June 2010)\Include\xnamath.h(2716,52): warning C4838: conversion from 'unsigned int' to 'INT' requires a narrowing conversion
C:\Program Files (x86)\Microsoft DirectX SDK (June 2010)\Include\xnamath.h(2716,65): warning C4838: conversion from 'unsigned int' to 'INT' requires a narrowing conversion
C:\Program Files (x86)\Microsoft DirectX SDK (June 2010)\Include\xnamath.h(2717,52): warning C4838: conversion from 'unsigned int' to 'INT' requires a narrowing conversion
C:\Program Files (x86)\Microsoft DirectX SDK (June 2010)\Include\xnamath.h(2717,65): warning C4838: conversion from 'unsigned int' to 'INT' requires a narrowing conversion
C:\Program Files (x86)\Microsoft DirectX SDK (June 2010)\Include\xnamath.h(2717,78): warning C4838: conversion from 'unsigned int' to 'INT' requires a narrowing conversion
C:\Program Files (x86)\Microsoft DirectX SDK (June 2010)\Include\xnamath.h(2727,54): warning C4838: conversion from 'unsigned int' to 'INT' requires a narrowing conversion
C:\Program Files (x86)\Microsoft DirectX SDK (June 2010)\Include\xnamath.h(2728,56): warning C4838: conversion from 'unsigned int' to 'INT' requires a narrowing conversion
C:\Program Files (x86)\Microsoft DirectX SDK (June 2010)\Include\xnamath.h(2729,58): warning C4838: conversion from 'unsigned int' to 'INT' requires a narrowing conversion
C:\Program Files (x86)\Microsoft DirectX SDK (June 2010)\Include\xnamath.h(2730,54): warning C4838: conversion from 'unsigned int' to 'INT' requires a narrowing conversion
C:\Program Files (x86)\Microsoft DirectX SDK (June 2010)\Include\xnamath.h(2730,65): warning C4838: conversion from 'unsigned int' to 'INT' requires a narrowing conversion
C:\Program Files (x86)\Microsoft DirectX SDK (June 2010)\Include\xnamath.h(2731,56): warning C4838: conversion from 'unsigned int' to 'INT' requires a narrowing conversion
C:\Program Files (x86)\Microsoft DirectX SDK (June 2010)\Include\xnamath.h(2731,67): warning C4838: conversion from 'unsigned int' to 'INT' requires a narrowing conversion
C:\Program Files (x86)\Microsoft DirectX SDK (June 2010)\Include\xnamath.h(2732,54): warning C4838: conversion from 'unsigned int' to 'INT' requires a narrowing conversion
C:\Program Files (x86)\Microsoft DirectX SDK (June 2010)\Include\xnamath.h(2732,67): warning C4838: conversion from 'unsigned int' to 'INT' requires a narrowing conversion
C:\Program Files (x86)\Microsoft DirectX SDK (June 2010)\Include\xnamath.h(2742,60): warning C4838: conversion from 'unsigned int' to 'INT' requires a narrowing conversion
C:\Program Files (x86)\Microsoft DirectX SDK (June 2010)\Include\xnamath.h(2742,79): warning C4838: conversion from 'unsigned int' to 'INT' requires a narrowing conversion
C:\Program Files (x86)\Microsoft DirectX SDK (June 2010)\Include\xnamath.h(2743,70): warning C4838: conversion from 'unsigned int' to 'INT' requires a narrowing conversion
C:\Program Files (x86)\Microsoft DirectX SDK (June 2010)\Include\xnamath.h(2754,73): warning C4838: conversion from 'unsigned int' to 'INT' requires a narrowing conversion
C:\Program Files (x86)\Microsoft DirectX SDK (June 2010)\Include\xnamathconvert.inl(2254,71): warning C4838: conversion from 'unsigned int' to 'INT' requires a narrowing conversion
C:\Program Files (x86)\Microsoft DirectX SDK (June 2010)\Include\xnamathconvert.inl(4523,69): warning C4838: conversion from 'unsigned int' to 'INT' requires a narrowing conversion
C:\Program Files (x86)\Microsoft DirectX SDK (June 2010)\Include\xnamathconvert.inl(4577,68): warning C4838: conversion from 'unsigned int' to 'INT' requires a narrowing conversion
C:\Program Files (x86)\Microsoft DirectX SDK (June 2010)\Include\xnamathconvert.inl(4639,65): warning C4838: conversion from 'unsigned int' to 'INT' requires a narrowing conversion
C:\Program Files (x86)\Microsoft DirectX SDK (June 2010)\Include\xnamathconvert.inl(4707,64): warning C4838: conversion from 'unsigned int' to 'INT' requires a narrowing conversion
C:\Program Files (x86)\Microsoft DirectX SDK (June 2010)\Include\xnamathconvert.inl(4770,64): warning C4838: conversion from 'unsigned int' to 'INT' requires a narrowing conversion
C:\Program Files (x86)\Microsoft DirectX SDK (June 2010)\Include\xnamathconvert.inl(4832,63): warning C4838: conversion from 'unsigned int' to 'INT' requires a narrowing conversion
C:\Program Files (x86)\Microsoft DirectX SDK (June 2010)\Include\xnamathvector.inl(1269,45): warning C4838: conversion from 'unsigned int' to 'INT' requires a narrowing conversion
C:\Program Files (x86)\Microsoft DirectX SDK (June 2010)\Include\xnamathvector.inl(1269,56): warning C4838: conversion from 'unsigned int' to 'INT' requires a narrowing conversion
C:\Program Files (x86)\Microsoft DirectX SDK (June 2010)\Include\xnamathvector.inl(1269,67): warning C4838: conversion from 'unsigned int' to 'INT' requires a narrowing conversion
C:\Program Files (x86)\Microsoft DirectX SDK (June 2010)\Include\xnamathvector.inl(1269,78): warning C4838: conversion from 'unsigned int' to 'INT' requires a narrowing conversion
C:\Program Files (x86)\Microsoft DirectX SDK (June 2010)\Include\xnamathmisc.inl(518,43): warning C4838: conversion from 'unsigned int' to 'INT' requires a narrowing conversion
C:\Program Files (x86)\Microsoft DirectX SDK (June 2010)\Include\xnamathmisc.inl(519,40): warning C4838: conversion from 'unsigned int' to 'INT' requires a narrowing conversion
C:\Program Files (x86)\Microsoft DirectX SDK (June 2010)\Include\xnamathmisc.inl(519,51): warning C4838: conversion from 'unsigned int' to 'INT' requires a narrowing conversion
D:\GIT\GameJame2020\optada_Engine_Dity\Code\Render\ResourceManager\OBJ_Loader.h(949,18): warning C4244: 'initializing': conversion from 'double' to 'float', possible loss of data
  C:\Program Files (x86)\Windows Kits\10\Include\10.0.18362.0\um\dinput.h: DIRECTINPUT_VERSION undefined. Defaulting to version 0x0800
D:\GIT\GameJame2020\optada_Engine_Dity\Code\OPTadaC_GO_Template.h(8,48): warning C4305: 'argument': truncation from 'double' to 'r32'
D:\GIT\GameJame2020\optada_Engine_Dity\Code\TheGame.h(84,62): warning C4244: '=': conversion from 'int' to 'float', possible loss of data
D:\GIT\GameJame2020\optada_Engine_Dity\Code\TheGame.h(93,62): warning C4244: '=': conversion from 'int' to 'float', possible loss of data
D:\GIT\GameJame2020\optada_Engine_Dity\Code\TheGame.h(102,62): warning C4244: '=': conversion from 'int' to 'float', possible loss of data
D:\GIT\GameJame2020\optada_Engine_Dity\Code\TheGame.h(111,62): warning C4244: '=': conversion from 'int' to 'float', possible loss of data
D:\GIT\GameJame2020\optada_Engine_Dity\Code\TheGame.h(192,1): warning C4267: 'initializing': conversion from 'size_t' to 'int', possible loss of data
D:\GIT\GameJame2020\optada_Engine_Dity\Code\TheGame.h(199,47): warning C4244: 'argument': conversion from 'float' to 'int', possible loss of data
D:\GIT\GameJame2020\optada_Engine_Dity\Code\TheGame.h(203,1): warning C4267: '=': conversion from 'size_t' to 'int', possible loss of data
D:\GIT\GameJame2020\optada_Engine_Dity\Code\TheGame.h(209,1): warning C4267: '=': conversion from 'size_t' to 'int', possible loss of data
D:\GIT\GameJame2020\optada_Engine_Dity\Code\TheGame.h(277,1): warning C4267: 'initializing': conversion from 'size_t' to 'int', possible loss of data
D:\GIT\GameJame2020\optada_Engine_Dity\Code\TheGame.h(289,13): warning C4244: 'argument': conversion from 'time_t' to 'unsigned int', possible loss of data
D:\GIT\GameJame2020\optada_Engine_Dity\Code\TheGame.h(335,25): warning C4244: '=': conversion from 'int' to 'float', possible loss of data
D:\GIT\GameJame2020\optada_Engine_Dity\Code\TheGame.h(336,56): warning C4244: 'argument': conversion from 'int' to 'r32', possible loss of data
D:\GIT\GameJame2020\optada_Engine_Dity\Code\TheGame.h(336,37): warning C4244: 'argument': conversion from 'int' to 'r32', possible loss of data
D:\GIT\GameJame2020\optada_Engine_Dity\Code\TheGame.h(294,7): warning C4101: 'currentCar': unreferenced local variable
D:\GIT\GameJame2020\optada_Engine_Dity\Code\Game_Level.h(211,80): warning C4244: 'argument': conversion from 'int' to 'float', possible loss of data
D:\GIT\GameJame2020\optada_Engine_Dity\Code\Game_Level.h(211,59): warning C4244: 'argument': conversion from 'int' to 'float', possible loss of data
D:\GIT\GameJame2020\optada_Engine_Dity\Code\Game_Level.h(324,1): warning C4244: '+=': conversion from 'double' to 'float', possible loss of data
D:\GIT\GameJame2020\optada_Engine_Dity\Code\OPTada_Instance.h(146,1): warning C4267: '=': conversion from 'size_t' to 'int', possible loss of data
D:\GIT\GameJame2020\optada_Engine_Dity\Code\OPTada_Instance.h(149,36): warning C4838: conversion from 'OPTadaE_PixelShaderList_ForResourceManager' to 'short' requires a narrowing conversion
D:\GIT\GameJame2020\optada_Engine_Dity\Code\OPTada_Instance.h(149,49): warning C4838: conversion from 'OPTadaE_VertexShaderList_ForResourceManager' to 'short' requires a narrowing conversion
D:\GIT\GameJame2020\optada_Engine_Dity\Code\OPTada_Instance.h(149,62): warning C4838: conversion from 'OPTadaE_MeshList_ForResourceManager' to 'short' requires a narrowing conversion
D:\GIT\GameJame2020\optada_Engine_Dity\Code\OPTada_Instance.h(304,1): warning C4267: '=': conversion from 'size_t' to 'int', possible loss of data
D:\GIT\GameJame2020\optada_Engine_Dity\Code\OPTada_Instance.h(318,1): warning C4267: 'initializing': conversion from 'size_t' to 'int', possible loss of data
D:\GIT\GameJame2020\optada_Engine_Dity\Code\OPTada_Instance.h(347,1): warning C4267: 'initializing': conversion from 'size_t' to 'int', possible loss of data
D:\GIT\GameJame2020\optada_Engine_Dity\Code\Main.cpp(161,38): warning C4244: 'return': conversion from 'WPARAM' to 'int', possible loss of data
  optada_Engine_Dity.vcxproj -> D:\GIT\GameJame2020\optada_Engine_Dity\x64\Debug\optada_Engine_Dity.exe
